----------

Mon Sep 06 2021 17:09:38 GMT-0400 (Eastern Daylight Time)

To https://github.com/killjaqular/thor.git
   c277bfb..06d14f9  main -> main


----------

Mon Sep 06 2021 17:23:34 GMT-0400 (Eastern Daylight Time)

To https://github.com/killjaqular/thor.git
   fc5d390..a9b1e20  main -> main


----------

Mon Sep 06 2021 17:29:15 GMT-0400 (Eastern Daylight Time)

To https://github.com/killjaqular/thor.git
   a9b1e20..d67258a  main -> main


----------

Mon Sep 06 2021 17:29:58 GMT-0400 (Eastern Daylight Time)

To https://github.com/killjaqular/thor.git
   d67258a..4140170  

----------

Mon Sep 06 2021 17:29:58 GMT-0400 (Eastern Daylight Time)

main -> main


----------

Mon Sep 06 2021 17:37:00 GMT-0400 (Eastern Daylight Time)

To https://github.com/killjaqular/thor.git
   4140170..27fca95  main -> main


----------

Mon Sep 06 2021 17:53:52 GMT-0400 (Eastern Daylight Time)

/Users/Jaredblanco6/Documents/College/Semester7/SeniorDesign/thor/docs/export.sh: line 3: cd: /Users/luke/OneDrive/OneDrive - Florida Institute of Technology/SeniorProj/github/thor/thor/docs: No such file or directory


----------

Mon Sep 06 2021 17:53:52 GMT-0400 (Eastern Daylight Time)

fatal: not a git repository (or any of the parent directories): .git


----------

Mon Sep 06 2021 17:53:53 GMT-0400 (Eastern Daylight Time)

fatal: not a git repository (or any of the parent directories): .git


----------

Mon Sep 06 2021 17:53:53 GMT-0400 (Eastern Daylight Time)

fatal: not a git repository (or any of the parent directories): .git


----------

Mon Sep 06 2021 17:57:17 GMT-0400 (Eastern Daylight Time)

/Users/Jaredblanco6/Documents/College/Semester7/SeniorDesign/thor/docs/export.sh: line 3: cd: ~/Documents/College/Semester7/SeniorDesign/thor/docs: No such file or directory


----------

Mon Sep 06 2021 17:57:17 GMT-0400 (Eastern Daylight Time)

fatal: not a git repository (or any of the parent directories): .git


----------

Mon Sep 06 2021 17:57:17 GMT-0400 (Eastern Daylight Time)

fatal: not a git repository (or any of the parent directories): .git


----------

Mon Sep 06 2021 17:57:17 GMT-0400 (Eastern Daylight Time)

fatal: not a git repository (or any of the parent directories): .git


----------

Mon Sep 06 2021 17:57:19 GMT-0400 (Eastern Daylight Time)

/Users/Jaredblanco6/Documents/College/Semester7/SeniorDesign/thor/docs/export.sh: line 3: cd: ~/Documents/College/Semester7/SeniorDesign/thor/docs: No such file or directory


----------

Mon Sep 06 2021 17:57:19 GMT-0400 (Eastern Daylight Time)

fatal: not a git repository (or any of the parent directories): .git


----------

Mon Sep 06 2021 17:57:19 GMT-0400 (Eastern Daylight Time)

fatal: not a git repository (or any of the parent directories): .git


----------

Mon Sep 06 2021 17:57:19 GMT-0400 (Eastern Daylight Time)

fatal: not a git repository (or any of the parent directories): .git


----------

Mon Sep 06 2021 21:01:42 GMT-0400 (Eastern Daylight Time)

To https://github.com/killjaqular/thor.git
   d467578..bd6816d  main -> main


----------

Mon Sep 06 2021 21:02:00 GMT-0400 (Eastern Daylight Time)

To https://github.com/killjaqular/thor.git
   bd6816d..21c2f2f  main -> main


----------

Mon Sep 06 2021 21:02:36 GMT-0400 (Eastern Daylight Time)

To https://github.com/killjaqular/thor.git
   21c2f2f..c7ab17a  main -> main


----------

Mon Sep 06 2021 21:04:50 GMT-0400 (Eastern Daylight Time)

To https://github.com/killjaqular/thor.git
 ! [rejected]        main -> main (fetch first)
error: failed to push some refs to 'https://github.com/killjaqular/thor.git'


----------

Mon Sep 06 2021 21:04:50 GMT-0400 (Eastern Daylight Time)

hint: Updates were rejected because the remote contains work that you do
hint: not have locally. This is usually caused by another repository pushing
hint: to the same ref. You may want to first integrate the remote changes
hint: (e.g., 'git pull ...') before pushing again.
hint: See the 'Note about fast-forwards' in 'git push --help' for details.


----------

Mon Sep 06 2021 21:06:19 GMT-0400 (Eastern Daylight Time)

To https://github.com/killjaqular/thor.git
 ! [rejected]        main -> main (fetch first)
error: failed to push some refs to 'https://github.com/killjaqular/thor.git'


----------

Mon Sep 06 2021 21:06:19 GMT-0400 (Eastern Daylight Time)

hint: Updates were rejected because the remote contains work that you do
hint: not have locally. This is usually caused by another repository pushing
hint: to the same ref. You may want to first integrate the remote changes
hint: (e.g., 'git pull ...') before pushing again.
hint: See the 'Note about fast-forwards' in 'git push --help' for details.


----------

Mon Sep 06 2021 21:07:36 GMT-0400 (Eastern Daylight Time)

To https://github.com/killjaqular/thor.git
 ! [rejected]        main -> main (fetch first)
error: failed to push some refs to 'https://github.com/killjaqular/thor.git'


----------

Mon Sep 06 2021 21:07:36 GMT-0400 (Eastern Daylight Time)

hint: Updates were rejected because the remote contains work that you do
hint: not have locally. This is usually caused by another repository pushing
hint: to the same ref. You may want to first integrate the remote changes
hint: (e.g., 'git pull ...') before pushing again.
hint: See the 'Note about fast-forwards' in 'git push --help' for details.


----------

Mon Sep 06 2021 22:33:30 GMT-0400 (Eastern Daylight Time)

To https://github.com/killjaqular/thor.git
 ! [rejected]        main -> main (non-fast-forward)
error: failed to push some refs to 'https://github.com/killjaqular/thor.git'


----------

Mon Sep 06 2021 22:33:30 GMT-0400 (Eastern Daylight Time)

hint: Updates were rejected because the tip of your current branch is behind
hint: its remote counterpart. Integrate the remote changes (e.g.
hint: 'git pull ...') before pushing again.
hint: See the 'Note about fast-forwards' in 'git push --help' for details.


----------

Mon Sep 06 2021 22:35:59 GMT-0400 (Eastern Daylight Time)

To https://github.com/killjaqular/thor.git
 ! [rejected]        main -> main (non-fast-forward)
error: failed to push some refs to 'https://github.com/killjaqular/thor.git'


----------

Mon Sep 06 2021 22:35:59 GMT-0400 (Eastern Daylight Time)

hint: Updates were rejected because the tip of your current branch is behind
hint: its remote counterpart. Integrate the remote changes (e.g.
hint: 'git pull ...') before pushing again.
hint: See the 'Note about fast-forwards' in 'git push --help' for details.


----------

Mon Sep 06 2021 22:37:00 GMT-0400 (Eastern Daylight Time)

To https://github.com/killjaqular/thor.git
 ! [rejected]        main -> main (non-fast-forward)
error: failed to push some refs to 'https://github.com/killjaqular/thor.git'


----------

Mon Sep 06 2021 22:37:00 GMT-0400 (Eastern Daylight Time)

hint: Updates were rejected because the tip of your current branch is behind
hint: its remote counterpart. Integrate the remote changes (e.g.
hint: 'git pull ...') before pushing again.
hint: See the 'Note about fast-forwards' in 'git push --help' for details.


----------

Mon Sep 06 2021 22:38:06 GMT-0400 (Eastern Daylight Time)

To https://github.com/killjaqular/thor.git
 ! [rejected]        main -> main (non-fast-forward)
error: failed to push some refs to 'https://github.com/killjaqular/thor.git'


----------

Mon Sep 06 2021 22:38:06 GMT-0400 (Eastern Daylight Time)

hint: Updates were rejected because the tip of your current branch is behind
hint: its remote counterpart. Integrate the remote changes (e.g.
hint: 'git pull ...') before pushing again.
hint: See the 'Note about fast-forwards' in 'git push --help' for details.


----------

Mon Sep 06 2021 22:38:32 GMT-0400 (Eastern Daylight Time)

Script /Users/luke/OneDrive/OneDrive - Florida Institute of Technology/SeniorProj/export_luke.sh couldn't be run

----------

Mon Sep 06 2021 22:38:46 GMT-0400 (Eastern Daylight Time)

Script /Users/luke/OneDrive/OneDrive - Florida Institute of Technology/SeniorProj/export_luke.sh couldn't be run

----------

Mon Sep 06 2021 22:38:50 GMT-0400 (Eastern Daylight Time)

Script /Users/luke/OneDrive/OneDrive - Florida Institute of Technology/SeniorProj/export_luke.sh couldn't be run

----------

Mon Sep 06 2021 22:41:08 GMT-0400 (Eastern Daylight Time)

Script /Users/luke/OneDrive/OneDrive - Florida Institute of Technology/SeniorProj/export_luke.sh couldn't be run

----------

Mon Sep 06 2021 22:42:40 GMT-0400 (Eastern Daylight Time)

Script /Users/luke/OneDrive/OneDrive - Florida Institute of Technology/SeniorProj/export_luke.sh couldn't be run

----------

Mon Sep 06 2021 22:42:51 GMT-0400 (Eastern Daylight Time)

Script /Users/luke/OneDrive/OneDrive - Florida Institute of Technology/SeniorProj/export_luke.sh couldn't be run

----------

Mon Sep 06 2021 23:54:44 GMT-0400 (Eastern Daylight Time)

Script /Users/luke/OneDrive/OneDrive - Florida Institute of Technology/SeniorProj/export_luke.sh couldn't be run

----------

Tue Sep 07 2021 09:24:08 GMT-0400 (Eastern Daylight Time)

Script /Users/luke/OneDrive/OneDrive - Florida Institute of Technology/SeniorProj/export_luke.sh couldn't be run

----------

Tue Sep 07 2021 09:25:08 GMT-0400 (Eastern Daylight Time)

Script /Users/luke/OneDrive/OneDrive - Florida Institute of Technology/SeniorProj/export_luke.sh couldn't be run

----------

Tue Sep 07 2021 09:28:23 GMT-0400 (Eastern Daylight Time)

Script /Users/luke/OneDrive/OneDrive - Florida Institute of Technology/SeniorProj/export_luke.sh couldn't be run

----------

Tue Sep 07 2021 09:28:34 GMT-0400 (Eastern Daylight Time)

Script /Users/luke/OneDrive/OneDrive - Florida Institute of Technology/SeniorProj/export_luke.sh couldn't be run

----------

Tue Sep 07 2021 09:47:21 GMT-0400 (Eastern Daylight Time)

Script /Users/luke/OneDrive/OneDrive - Florida Institute of Technology/SeniorProj/export_luke.sh couldn't be run

----------

Tue Sep 07 2021 09:47:30 GMT-0400 (Eastern Daylight Time)

Script /Users/luke/OneDrive/OneDrive - Florida Institute of Technology/SeniorProj/export_luke.sh couldn't be run

----------

Tue Sep 07 2021 09:48:33 GMT-0400 (Eastern Daylight Time)

Script /Users/luke/OneDrive/OneDrive - Florida Institute of Technology/SeniorProj/export_luke.sh couldn't be run

----------

Tue Sep 07 2021 09:49:41 GMT-0400 (Eastern Daylight Time)

Everything up-to-date


----------

Tue Sep 07 2021 09:50:45 GMT-0400 (Eastern Daylight Time)

To https://github.com/killjaqular/thor.git
   f0d92a8..ba533fe  main -> main


----------

Wed Sep 08 2021 15:28:21 GMT-0400 (Eastern Daylight Time)

To https://github.com/killjaqular/thor.git
   020ab23..43b51f0  main -> main


----------

Wed Sep 08 2021 15:28:45 GMT-0400 (Eastern Daylight Time)

To https://github.com/killjaqular/thor.git
   43b51f0..7382b30  main -> main


----------

Wed Sep 08 2021 15:36:27 GMT-0400 (Eastern Daylight Time)

To https://github.com/killjaqular/thor.git
   7382b30..11de8ae  main -> main


----------

Wed Sep 08 2021 15:40:07 GMT-0400 (Eastern Daylight Time)

To https://github.com/killjaqular/thor.git
   11de8ae..76bb030  main -> main


----------

Wed Sep 08 2021 15:40:57 GMT-0400 (Eastern Daylight Time)

To https://github.com/killjaqular/thor.git
   76bb030..794001d  main -> main


----------

Wed Sep 08 2021 15:42:10 GMT-0400 (Eastern Daylight Time)

To https://github.com/killjaqular/thor.git
   794001d..6614456  main -> main


----------

Wed Sep 08 2021 16:42:08 GMT-0400 (Eastern Daylight Time)

To https://github.com/killjaqular/thor.git
   6614456..9d8e2ba  main -> main


----------

Thu Sep 30 2021 21:32:04 GMT-0400 (Eastern Daylight Time)

To https://github.com/killjaqular/thor.git
   47026c9..e6ec683  main -> main


----------

Thu Sep 30 2021 21:32:21 GMT-0400 (Eastern Daylight Time)

To https://github.com/killjaqular/thor.git
   e6ec683..1f4041d  main -> main


----------

Thu Sep 30 2021 21:32:27 GMT-0400 (Eastern Daylight Time)

To https://github.com/killjaqular/thor.git
   1f4041d..c239503  main -> main


----------

Thu Sep 30 2021 21:39:03 GMT-0400 (Eastern Daylight Time)

To https://github.com/killjaqular/thor.git
   c239503..dd59403  main -> main


----------

Thu Sep 30 2021 21:39:09 GMT-0400 (Eastern Daylight Time)

To https://github.com/killjaqular/thor.git
   dd59403..37e7b31  main -> main


----------

Mon Oct 04 2021 14:29:54 GMT-0400 (Eastern Daylight Time)

To https://github.com/killjaqular/thor.git
 ! [rejected]        main -> main (fetch first)


----------

Mon Oct 04 2021 14:29:54 GMT-0400 (Eastern Daylight Time)

error: failed to push some refs to 'https://github.com/killjaqular/thor.git'
hint: Updates were rejected because the remote contains work that you do
hint: not have locally. This is usually caused by another repository pushing
hint: to the same ref. You may want to first integrate the remote changes
hint: (e.g., 'git pull ...') before pushing again.
hint: See the 'Note about fast-forwards' in 'git push --help' for details.


----------

Fri Oct 22 2021 14:47:20 GMT-0400 (Eastern Daylight Time)

To https://github.com/killjaqular/thor.git
 ! [rejected]        main -> main (non-fast-forward)
error: failed to push some refs to 'https://github.com/killjaqular/thor.git'


----------

Fri Oct 22 2021 14:47:20 GMT-0400 (Eastern Daylight Time)

hint: Updates were rejected because the tip of your current branch is behind
hint: its remote counterpart. Integrate the remote changes (e.g.
hint: 'git pull ...') before pushing again.
hint: See the 'Note about fast-forwards' in 'git push --help' for details.


----------

Fri Oct 22 2021 14:48:28 GMT-0400 (Eastern Daylight Time)

To https://github.com/killjaqular/thor.git
 ! [rejected]        main -> main (non-fast-forward)
error: failed to push some refs to 'https://github.com/killjaqular/thor.git'


----------

Fri Oct 22 2021 14:48:28 GMT-0400 (Eastern Daylight Time)

hint: Updates were rejected because the tip of your current branch is behind
hint: its remote counterpart. Integrate the remote changes (e.g.
hint: 'git pull ...') before pushing again.
hint: See the 'Note about fast-forwards' in 'git push --help' for details.


----------

Fri Oct 22 2021 14:52:15 GMT-0400 (Eastern Daylight Time)

To https://github.com/killjaqular/thor.git
 ! [rejected]        main -> main (non-fast-forward)
error: failed to push some refs to 'https://github.com/killjaqular/thor.git'


----------

Fri Oct 22 2021 14:52:15 GMT-0400 (Eastern Daylight Time)

hint: Updates were rejected because the tip of your current branch is behind
hint: its remote counterpart. Integrate the remote changes (e.g.
hint: 'git pull ...') before pushing again.
hint: See the 'Note about fast-forwards' in 'git push --help' for details.


----------

Fri Oct 22 2021 14:52:50 GMT-0400 (Eastern Daylight Time)

To https://github.com/killjaqular/thor.git
 ! [rejected]        main -> main (non-fast-forward)
error: failed to push some refs to 'https://github.com/killjaqular/thor.git'


----------

Fri Oct 22 2021 14:52:50 GMT-0400 (Eastern Daylight Time)

hint: Updates were rejected because the tip of your current branch is behind
hint: its remote counterpart. Integrate the remote changes (e.g.
hint: 'git pull ...') before pushing again.
hint: See the 'Note about fast-forwards' in 'git push --help' for details.


----------

Fri Oct 22 2021 14:53:45 GMT-0400 (Eastern Daylight Time)

To https://github.com/killjaqular/thor.git
   b86876f..57a0016  main -> main


----------

Fri Oct 22 2021 15:11:04 GMT-0400 (Eastern Daylight Time)

To https://github.com/killjaqular/thor.git
 ! [rejected]        main -> main (fetch first)
error: failed to push some refs to 'https://github.com/killjaqular/thor.git'


----------

Fri Oct 22 2021 15:11:04 GMT-0400 (Eastern Daylight Time)

hint: Updates were rejected because the remote contains work that you do
hint: not have locally. This is usually caused by another repository pushing
hint: to the same ref. You may want to first integrate the remote changes
hint: (e.g., 'git pull ...') before pushing again.
hint: See the 'Note about fast-forwards' in 'git push --help' for details.


----------

Fri Oct 22 2021 15:11:52 GMT-0400 (Eastern Daylight Time)

To https://github.com/killjaqular/thor.git
 ! [rejected]        main -> main (fetch first)
error: failed to push some refs to 'https://github.com/killjaqular/thor.git'


----------

Fri Oct 22 2021 15:11:52 GMT-0400 (Eastern Daylight Time)

hint: Updates were rejected because the remote contains work that you do
hint: not have locally. This is usually caused by another repository pushing
hint: to the same ref. You may want to first integrate the remote changes
hint: (e.g., 'git pull ...') before pushing again.
hint: See the 'Note about fast-forwards' in 'git push --help' for details.


----------

Fri Oct 22 2021 15:13:12 GMT-0400 (Eastern Daylight Time)

To https://github.com/killjaqular/thor.git


----------

Fri Oct 22 2021 15:13:12 GMT-0400 (Eastern Daylight Time)

   b2fb01a..5928b7a  main -> main


----------

Fri Oct 22 2021 15:14:50 GMT-0400 (Eastern Daylight Time)

To https://github.com/killjaqular/thor.git
   5928b7a..5821393  main -> main


----------

Fri Oct 22 2021 15:19:39 GMT-0400 (Eastern Daylight Time)

To https://github.com/killjaqular/thor.git
   5821393..b15ea41  main -> main


----------

Fri Oct 22 2021 15:21:10 GMT-0400 (Eastern Daylight Time)

To https://github.com/killjaqular/thor.git
   b15ea41..1b52753  main -> main


----------

Fri Oct 22 2021 15:21:34 GMT-0400 (Eastern Daylight Time)

To https://github.com/killjaqular/thor.git
   1b52753..ca8452c  main -> main


----------

Fri Oct 22 2021 15:22:29 GMT-0400 (Eastern Daylight Time)

To https://github.com/killjaqular/thor.git
   ca8452c..a66d42f  main -> main


----------

Mon Nov 01 2021 13:59:52 GMT-0400 (Eastern Daylight Time)

To https://github.com/killjaqular/thor.git
 ! [rejected]        main -> main (fetch first)
error: failed to push some refs to 'https://github.com/killjaqular/thor.git'


----------

Mon Nov 01 2021 13:59:52 GMT-0400 (Eastern Daylight Time)

hint: Updates were rejected because the remote contains work that you do
hint: not have locally. This is usually caused by another repository pushing
hint: to the same ref. You may want to first integrate the remote changes
hint: (e.g., 'git pull ...') before pushing again.
hint: See the 'Note about fast-forwards' in 'git push --help' for details.


----------

Mon Nov 01 2021 14:01:14 GMT-0400 (Eastern Daylight Time)

To https://github.com/killjaqular/thor.git
 ! [rejected]        main -> main (fetch first)
error: failed to push some refs to 'https://github.com/killjaqular/thor.git'


----------

Mon Nov 01 2021 14:01:14 GMT-0400 (Eastern Daylight Time)

hint: Updates were rejected because the remote contains work that you do
hint: not have locally. This is usually caused by another repository pushing
hint: to the same ref. You may want to first integrate the remote changes
hint: (e.g., 'git pull ...') before pushing again.
hint: See the 'Note about fast-forwards' in 'git push --help' for details.


